TN:
SF:/mnt/c/projects/express-server-CRUD/controllers/tweet_controller.js
FN:3,index
FN:8,create
FN:11,(anonymous_2)
FN:16,newResource
FN:20,show
FN:27,destroy
FN:33,edit
FN:40,update
FNF:8
FNH:1
FNDA:1,index
FNDA:0,create
FNDA:0,(anonymous_2)
FNDA:0,newResource
FNDA:0,show
FNDA:0,destroy
FNDA:0,edit
FNDA:0,update
DA:1,1
DA:4,1
DA:5,1
DA:9,0
DA:10,0
DA:11,0
DA:13,0
DA:17,0
DA:21,0
DA:22,0
DA:23,0
DA:28,0
DA:29,0
DA:30,0
DA:34,0
DA:35,0
DA:37,0
DA:41,0
DA:42,0
DA:43,0
DA:45,0
DA:48,1
LF:22
LH:4
BRF:0
BRH:0
end_of_record
TN:
SF:/mnt/c/projects/express-server-CRUD/database/models/tweet_model.js
FNF:0
FNH:0
DA:1,1
DA:2,1
DA:4,1
DA:7,1
LF:4
LH:4
BRF:0
BRH:0
end_of_record
TN:
SF:/mnt/c/projects/express-server-CRUD/database/schemas/tweet_schema.js
FNF:0
FNH:0
DA:1,1
DA:2,1
DA:4,1
DA:16,1
LF:4
LH:4
BRF:0
BRH:0
end_of_record
