TN:
SF:/mnt/c/projects/express-server-CRUD/app.js
FNF:0
FNH:0
DA:3,2
DA:4,2
DA:5,2
DA:6,2
DA:7,2
DA:11,2
DA:12,2
DA:15,2
DA:18,2
DA:19,2
DA:22,2
DA:25,2
LF:12
LH:12
BRF:0
BRH:0
end_of_record
TN:
SF:/mnt/c/projects/express-server-CRUD/controllers/tweet_controller.js
FN:4,index
FN:9,create
FN:12,(anonymous_2)
FN:18,newResource
FN:23,show
FN:29,destroy
FN:35,edit
FN:41,update
FNF:8
FNH:2
FNDA:2,index
FNDA:1,create
FNDA:0,(anonymous_2)
FNDA:0,newResource
FNDA:0,show
FNDA:0,destroy
FNDA:0,edit
FNDA:0,update
DA:1,3
DA:2,3
DA:5,2
DA:6,2
DA:10,1
DA:11,1
DA:12,0
DA:14,1
DA:19,0
DA:20,0
DA:24,0
DA:25,0
DA:26,0
DA:30,0
DA:31,0
DA:32,0
DA:36,0
DA:37,0
DA:38,0
DA:42,0
DA:43,0
DA:44,0
DA:45,0
DA:48,3
LF:24
LH:8
BRF:0
BRH:0
end_of_record
TN:
SF:/mnt/c/projects/express-server-CRUD/controllers/user_controller.js
FN:3,index
FN:8,create
FN:11,(anonymous_2)
FN:17,newResource
FN:21,show
FN:28,destroy
FN:34,edit
FN:40,update
FNF:8
FNH:0
FNDA:0,index
FNDA:0,create
FNDA:0,(anonymous_2)
FNDA:0,newResource
FNDA:0,show
FNDA:0,destroy
FNDA:0,edit
FNDA:0,update
DA:1,2
DA:4,0
DA:5,0
DA:9,0
DA:10,0
DA:11,0
DA:13,0
DA:18,0
DA:22,0
DA:23,0
DA:24,0
DA:29,0
DA:30,0
DA:31,0
DA:35,0
DA:36,0
DA:37,0
DA:41,0
DA:42,0
DA:43,0
DA:45,0
DA:48,2
LF:22
LH:2
BRF:0
BRH:0
end_of_record
TN:
SF:/mnt/c/projects/express-server-CRUD/database/connection.js
FN:4,connect
FN:10,(anonymous_1)
FNF:2
FNH:1
FNDA:2,connect
FNDA:0,(anonymous_1)
DA:1,2
DA:5,2
DA:9,2
DA:10,2
DA:11,2
DA:14,2
LF:6
LH:6
BRF:0
BRH:0
end_of_record
TN:
SF:/mnt/c/projects/express-server-CRUD/database/models/tweet_model.js
FNF:0
FNH:0
DA:1,3
DA:2,3
DA:4,3
DA:7,3
LF:4
LH:4
BRF:0
BRH:0
end_of_record
TN:
SF:/mnt/c/projects/express-server-CRUD/database/models/user_model.js
FNF:0
FNH:0
DA:1,3
DA:2,3
DA:4,3
DA:7,3
LF:4
LH:4
BRF:0
BRH:0
end_of_record
TN:
SF:/mnt/c/projects/express-server-CRUD/database/schemas/tweet_schema.js
FN:19,(anonymous_0)
FNF:1
FNH:1
FNDA:1,(anonymous_0)
DA:1,3
DA:2,3
DA:4,3
DA:19,3
DA:20,1
DA:21,1
DA:22,1
DA:24,1
DA:28,3
LF:9
LH:9
BRDA:21,0,0,1
BRDA:21,0,1,0
BRF:2
BRH:1
end_of_record
TN:
SF:/mnt/c/projects/express-server-CRUD/database/schemas/user_schema.js
FNF:0
FNH:0
DA:1,3
DA:2,3
DA:4,3
DA:20,3
LF:4
LH:4
BRF:0
BRH:0
end_of_record
TN:
SF:/mnt/c/projects/express-server-CRUD/routes/index.js
FNF:0
FNH:0
DA:1,2
DA:2,2
DA:4,2
DA:5,2
DA:7,2
DA:8,2
DA:10,2
LF:7
LH:7
BRF:0
BRH:0
end_of_record
TN:
SF:/mnt/c/projects/express-server-CRUD/routes/tweet_routes.js
FNF:0
FNH:0
DA:1,2
DA:2,2
DA:3,2
DA:6,2
DA:9,2
DA:12,2
DA:15,2
DA:18,2
DA:21,2
DA:24,2
DA:27,2
DA:29,2
LF:12
LH:12
BRF:0
BRH:0
end_of_record
TN:
SF:/mnt/c/projects/express-server-CRUD/routes/user_routes.js
FNF:0
FNH:0
DA:1,2
DA:2,2
DA:3,2
DA:6,2
DA:9,2
DA:12,2
DA:15,2
DA:18,2
DA:21,2
DA:24,2
DA:27,2
DA:29,2
LF:12
LH:12
BRF:0
BRH:0
end_of_record
TN:
SF:/mnt/c/projects/express-server-CRUD/tests/setup.js
FN:3,(anonymous_0)
FN:7,(anonymous_1)
FN:12,(anonymous_2)
FNF:3
FNH:3
FNDA:2,(anonymous_0)
FNDA:2,(anonymous_1)
FNDA:2,(anonymous_2)
DA:1,2
DA:3,2
DA:7,2
DA:8,2
DA:12,2
DA:13,2
LF:6
LH:6
BRF:0
BRH:0
end_of_record
